[2022/08/28 08:32:58.527] - Starting server with initial configuration: {"gasLimit":6721975,"gasPrice":20000000000,"hardfork":"muirGlacier","hostname":"0.0.0.0","port":8545,"network_id":1337,"default_balance_ether":100,"total_accounts":10,"unlocked_accounts":[],"locked":false,"vmErrorsOnRPCResponse":true,"verbose":false,"db_path":"C:\\Users\\user\\AppData\\Roaming\\Ganache\\workspaces\\good-laugh\\chaindata","logDirectory":"D:\\Propty\\propty\\contracts\\logs"}
[2022/08/28 08:32:58.575] - eth_subscribe
[2022/08/28 08:32:58.576] - eth_getLogs
[2022/08/28 08:32:58.577] - eth_subscribe
[2022/08/28 08:32:58.606] - eth_subscribe
[2022/08/28 08:32:58.607] - eth_getLogs
[2022/08/28 08:32:58.608] - eth_subscribe
[2022/08/28 08:32:58.627] - eth_blockNumber
[2022/08/28 08:32:58.628] - eth_accounts
[2022/08/28 08:32:58.629] - eth_gasPrice
[2022/08/28 08:32:58.629] - eth_getBlockByNumber
[2022/08/28 08:32:58.630] - eth_subscribe
[2022/08/28 08:32:58.636] - eth_accounts
[2022/08/28 08:32:58.652] - eth_getBalance
[2022/08/28 08:32:58.654] - eth_getTransactionCount
[2022/08/28 08:32:58.656] - eth_getBalance
[2022/08/28 08:32:58.661] - eth_getTransactionCount
[2022/08/28 08:32:58.662] - eth_getBalance
[2022/08/28 08:32:58.665] - eth_getTransactionCount
[2022/08/28 08:32:58.670] - eth_getBalance
[2022/08/28 08:32:58.671] - eth_getTransactionCount
[2022/08/28 08:32:58.674] - eth_getBalance
[2022/08/28 08:32:58.675] - eth_getTransactionCount
[2022/08/28 08:32:58.677] - eth_getBalance
[2022/08/28 08:32:58.679] - eth_getTransactionCount
[2022/08/28 08:32:58.681] - eth_getBalance
[2022/08/28 08:32:58.683] - eth_getTransactionCount
[2022/08/28 08:32:58.686] - eth_getBalance
[2022/08/28 08:32:58.687] - eth_getTransactionCount
[2022/08/28 08:32:58.690] - eth_getBalance
[2022/08/28 08:32:58.692] - eth_getTransactionCount
[2022/08/28 08:32:58.693] - eth_getBalance
[2022/08/28 08:32:58.695] - eth_getTransactionCount
[2022/08/28 08:32:58.697] - eth_blockNumber
[2022/08/28 08:32:58.698] - eth_accounts
[2022/08/28 08:32:58.698] - eth_gasPrice
[2022/08/28 08:32:58.698] - eth_getBlockByNumber
[2022/08/28 08:32:58.699] - eth_subscribe
[2022/08/28 08:32:58.724] - eth_getBalance
[2022/08/28 08:32:58.725] - eth_getTransactionCount
[2022/08/28 08:32:58.727] - eth_getBalance
[2022/08/28 08:32:58.728] - eth_getTransactionCount
[2022/08/28 08:32:58.730] - eth_getBalance
[2022/08/28 08:32:58.732] - eth_getTransactionCount
[2022/08/28 08:32:58.735] - eth_getBalance
[2022/08/28 08:32:58.736] - eth_getTransactionCount
[2022/08/28 08:32:58.738] - eth_getBalance
[2022/08/28 08:32:58.740] - eth_getTransactionCount
[2022/08/28 08:32:58.741] - eth_getBalance
[2022/08/28 08:32:58.744] - eth_getTransactionCount
[2022/08/28 08:32:58.745] - eth_getBalance
[2022/08/28 08:32:58.747] - eth_getTransactionCount
[2022/08/28 08:32:58.750] - eth_getBalance
[2022/08/28 08:32:58.751] - eth_getTransactionCount
[2022/08/28 08:32:58.753] - eth_getBalance
[2022/08/28 08:32:58.754] - eth_getTransactionCount
[2022/08/28 08:32:58.756] - eth_getBalance
[2022/08/28 08:32:58.758] - eth_getTransactionCount
[2022/08/28 08:32:58.878] - eth_getBalance
[2022/08/28 08:32:58.880] - eth_getTransactionCount
[2022/08/28 08:32:58.882] - eth_getBalance
[2022/08/28 08:32:58.884] - eth_getTransactionCount
[2022/08/28 08:32:58.886] - eth_getBalance
[2022/08/28 08:32:58.887] - eth_getTransactionCount
[2022/08/28 08:32:58.889] - eth_getBalance
[2022/08/28 08:32:58.891] - eth_getTransactionCount
[2022/08/28 08:32:58.892] - eth_getBalance
[2022/08/28 08:32:58.901] - eth_getTransactionCount
[2022/08/28 08:32:58.902] - eth_getBalance
[2022/08/28 08:32:58.904] - eth_getTransactionCount
[2022/08/28 08:32:58.904] - eth_getBalance
[2022/08/28 08:32:58.904] - eth_getTransactionCount
[2022/08/28 08:32:58.906] - eth_getBalance
[2022/08/28 08:32:58.906] - eth_getTransactionCount
[2022/08/28 08:32:58.909] - eth_getBalance
[2022/08/28 08:32:58.910] - eth_getTransactionCount
[2022/08/28 08:32:58.914] - eth_getBalance
[2022/08/28 08:32:58.915] - eth_getTransactionCount
[2022/08/28 08:32:58.935] - eth_getBalance
[2022/08/28 08:32:58.937] - eth_getTransactionCount
[2022/08/28 08:32:58.939] - eth_getBalance
[2022/08/28 08:32:58.942] - eth_getTransactionCount
[2022/08/28 08:32:58.943] - eth_getBalance
[2022/08/28 08:32:58.944] - eth_getTransactionCount
[2022/08/28 08:32:58.946] - eth_getBalance
[2022/08/28 08:32:58.948] - eth_getTransactionCount
[2022/08/28 08:32:58.949] - eth_getBalance
[2022/08/28 08:32:58.951] - eth_getTransactionCount
[2022/08/28 08:32:58.953] - eth_getBalance
[2022/08/28 08:32:58.954] - eth_getTransactionCount
[2022/08/28 08:32:58.956] - eth_getBalance
[2022/08/28 08:32:58.957] - eth_getTransactionCount
[2022/08/28 08:32:58.959] - eth_getBalance
[2022/08/28 08:32:58.960] - eth_getTransactionCount
[2022/08/28 08:32:58.963] - eth_getBalance
[2022/08/28 08:32:58.965] - eth_getTransactionCount
[2022/08/28 08:33:02.236] - eth_unsubscribe
[2022/08/28 08:33:02.236] - eth_unsubscribe
