[2022/08/28 08:29:55.368] - Starting server with initial configuration: {"gasLimit":6721975,"gasPrice":20000000000,"hardfork":"muirGlacier","hostname":"0.0.0.0","port":8545,"network_id":1337,"default_balance_ether":100,"total_accounts":10,"unlocked_accounts":[],"locked":false,"vmErrorsOnRPCResponse":true,"verbose":false,"db_path":"C:\\Users\\user\\AppData\\Roaming\\Ganache\\workspaces\\good-laugh\\chaindata","logDirectory":"D:\\Propty\\propty\\contracts\\logs"}
[2022/08/28 08:29:55.617] - eth_subscribe
[2022/08/28 08:29:55.617] - eth_getLogs
[2022/08/28 08:29:55.618] - eth_subscribe
[2022/08/28 08:29:55.648] - eth_subscribe
[2022/08/28 08:29:55.649] - eth_getLogs
[2022/08/28 08:29:55.649] - eth_subscribe
[2022/08/28 08:29:55.686] - eth_blockNumber
[2022/08/28 08:29:55.687] - eth_accounts
[2022/08/28 08:29:55.687] - eth_blockNumber
[2022/08/28 08:29:55.688] - eth_gasPrice
[2022/08/28 08:29:55.689] - eth_accounts
[2022/08/28 08:29:55.690] - eth_getBlockByNumber
[2022/08/28 08:29:55.690] - eth_gasPrice
[2022/08/28 08:29:55.690] - eth_subscribe
[2022/08/28 08:29:55.691] - eth_getBlockByNumber
[2022/08/28 08:29:55.691] - eth_subscribe
[2022/08/28 08:29:55.697] - eth_accounts
[2022/08/28 08:29:55.710] - eth_getBalance
[2022/08/28 08:29:55.714] - eth_getTransactionCount
[2022/08/28 08:29:55.715] - eth_getBalance
[2022/08/28 08:29:55.718] - eth_getTransactionCount
[2022/08/28 08:29:55.722] - eth_getBalance
[2022/08/28 08:29:55.724] - eth_getTransactionCount
[2022/08/28 08:29:55.727] - eth_getBalance
[2022/08/28 08:29:55.731] - eth_getTransactionCount
[2022/08/28 08:29:55.733] - eth_getBalance
[2022/08/28 08:29:55.735] - eth_getTransactionCount
[2022/08/28 08:29:55.738] - eth_getBalance
[2022/08/28 08:29:55.739] - eth_getTransactionCount
[2022/08/28 08:29:55.741] - eth_getBalance
[2022/08/28 08:29:55.743] - eth_getTransactionCount
[2022/08/28 08:29:55.745] - eth_getBalance
[2022/08/28 08:29:55.747] - eth_getTransactionCount
[2022/08/28 08:29:55.749] - eth_getBalance
[2022/08/28 08:29:55.751] - eth_getTransactionCount
[2022/08/28 08:29:55.753] - eth_getBalance
[2022/08/28 08:29:55.754] - eth_getTransactionCount
[2022/08/28 08:29:55.785] - eth_getBalance
[2022/08/28 08:29:55.786] - eth_getTransactionCount
[2022/08/28 08:29:55.789] - eth_getBalance
[2022/08/28 08:29:55.789] - eth_getTransactionCount
[2022/08/28 08:29:55.791] - eth_getBalance
[2022/08/28 08:29:55.793] - eth_getTransactionCount
[2022/08/28 08:29:55.794] - eth_getBalance
[2022/08/28 08:29:55.796] - eth_getTransactionCount
[2022/08/28 08:29:55.800] - eth_getBalance
[2022/08/28 08:29:55.800] - eth_getTransactionCount
[2022/08/28 08:29:55.802] - eth_getBalance
[2022/08/28 08:29:55.802] - eth_getTransactionCount
[2022/08/28 08:29:55.804] - eth_getBalance
[2022/08/28 08:29:55.806] - eth_getTransactionCount
[2022/08/28 08:29:55.809] - eth_getBalance
[2022/08/28 08:29:55.810] - eth_getTransactionCount
[2022/08/28 08:29:55.813] - eth_getBalance
[2022/08/28 08:29:55.815] - eth_getTransactionCount
[2022/08/28 08:29:55.819] - eth_getBalance
[2022/08/28 08:29:55.819] - eth_getTransactionCount
[2022/08/28 08:29:55.821] - eth_getBalance
[2022/08/28 08:29:55.831] - eth_getTransactionCount
[2022/08/28 08:29:55.831] - eth_getBalance
[2022/08/28 08:29:55.832] - eth_getTransactionCount
[2022/08/28 08:29:55.833] - eth_getBalance
[2022/08/28 08:29:55.833] - eth_getTransactionCount
[2022/08/28 08:29:55.833] - eth_getBalance
[2022/08/28 08:29:55.836] - eth_getTransactionCount
[2022/08/28 08:29:55.836] - eth_getBalance
[2022/08/28 08:29:55.840] - eth_getTransactionCount
[2022/08/28 08:29:55.841] - eth_getBalance
[2022/08/28 08:29:55.842] - eth_getTransactionCount
[2022/08/28 08:29:55.843] - eth_getBalance
[2022/08/28 08:29:55.844] - eth_getTransactionCount
[2022/08/28 08:29:55.846] - eth_getBalance
[2022/08/28 08:29:55.848] - eth_getTransactionCount
[2022/08/28 08:29:55.849] - eth_getBalance
[2022/08/28 08:29:55.851] - eth_getTransactionCount
[2022/08/28 08:29:55.853] - eth_getBalance
[2022/08/28 08:29:55.855] - eth_getTransactionCount
[2022/08/28 08:29:55.877] - eth_getBalance
[2022/08/28 08:29:55.879] - eth_getTransactionCount
[2022/08/28 08:29:55.881] - eth_getBalance
[2022/08/28 08:29:55.881] - eth_getTransactionCount
[2022/08/28 08:29:55.884] - eth_getBalance
[2022/08/28 08:29:55.884] - eth_getTransactionCount
[2022/08/28 08:29:55.887] - eth_getBalance
[2022/08/28 08:29:55.888] - eth_getTransactionCount
[2022/08/28 08:29:55.889] - eth_getBalance
[2022/08/28 08:29:55.891] - eth_getTransactionCount
[2022/08/28 08:29:55.892] - eth_getBalance
[2022/08/28 08:29:55.894] - eth_getTransactionCount
[2022/08/28 08:29:55.895] - eth_getBalance
[2022/08/28 08:29:55.897] - eth_getTransactionCount
[2022/08/28 08:29:55.898] - eth_getBalance
[2022/08/28 08:29:55.900] - eth_getTransactionCount
[2022/08/28 08:29:55.901] - eth_getBalance
[2022/08/28 08:29:55.903] - eth_getTransactionCount
[2022/08/28 08:30:00.284] - eth_unsubscribe
[2022/08/28 08:30:00.285] - eth_unsubscribe
