[2022/08/28 08:30:12.419] - Starting server with initial configuration: {"gasLimit":6721975,"gasPrice":20000000000,"hardfork":"muirGlacier","hostname":"0.0.0.0","port":8545,"network_id":1337,"default_balance_ether":100,"total_accounts":10,"unlocked_accounts":[],"locked":false,"vmErrorsOnRPCResponse":true,"verbose":false,"db_path":"C:\\Users\\user\\AppData\\Roaming\\Ganache\\workspaces\\good-laugh\\chaindata","logDirectory":"D:\\Propty\\propty\\contracts\\logs"}
[2022/08/28 08:30:12.514] - eth_subscribe
[2022/08/28 08:30:12.516] - eth_getLogs
[2022/08/28 08:30:12.516] - eth_subscribe
[2022/08/28 08:30:12.528] - eth_subscribe
[2022/08/28 08:30:12.529] - eth_getLogs
[2022/08/28 08:30:12.530] - eth_subscribe
[2022/08/28 08:30:12.601] - eth_blockNumber
[2022/08/28 08:30:12.602] - eth_accounts
[2022/08/28 08:30:12.603] - eth_blockNumber
[2022/08/28 08:30:12.603] - eth_gasPrice
[2022/08/28 08:30:12.604] - eth_accounts
[2022/08/28 08:30:12.604] - eth_getBlockByNumber
[2022/08/28 08:30:12.605] - eth_gasPrice
[2022/08/28 08:30:12.605] - eth_subscribe
[2022/08/28 08:30:12.605] - eth_getBlockByNumber
[2022/08/28 08:30:12.606] - eth_subscribe
[2022/08/28 08:30:12.612] - eth_accounts
[2022/08/28 08:30:12.633] - eth_getBalance
[2022/08/28 08:30:12.635] - eth_getTransactionCount
[2022/08/28 08:30:12.637] - eth_getBalance
[2022/08/28 08:30:12.639] - eth_getTransactionCount
[2022/08/28 08:30:12.642] - eth_getBalance
[2022/08/28 08:30:12.645] - eth_getTransactionCount
[2022/08/28 08:30:12.647] - eth_getBalance
[2022/08/28 08:30:12.649] - eth_getTransactionCount
[2022/08/28 08:30:12.653] - eth_getBalance
[2022/08/28 08:30:12.658] - eth_getTransactionCount
[2022/08/28 08:30:12.659] - eth_getBalance
[2022/08/28 08:30:12.661] - eth_getTransactionCount
[2022/08/28 08:30:12.663] - eth_getBalance
[2022/08/28 08:30:12.665] - eth_getTransactionCount
[2022/08/28 08:30:12.668] - eth_getBalance
[2022/08/28 08:30:12.670] - eth_getTransactionCount
[2022/08/28 08:30:12.671] - eth_getBalance
[2022/08/28 08:30:12.673] - eth_getTransactionCount
[2022/08/28 08:30:12.675] - eth_getBalance
[2022/08/28 08:30:12.677] - eth_getTransactionCount
[2022/08/28 08:30:12.680] - eth_getBalance
[2022/08/28 08:30:12.682] - eth_getTransactionCount
[2022/08/28 08:30:12.683] - eth_getBalance
[2022/08/28 08:30:12.685] - eth_getTransactionCount
[2022/08/28 08:30:12.686] - eth_getBalance
[2022/08/28 08:30:12.688] - eth_getTransactionCount
[2022/08/28 08:30:12.690] - eth_getBalance
[2022/08/28 08:30:12.691] - eth_getTransactionCount
[2022/08/28 08:30:12.693] - eth_getBalance
[2022/08/28 08:30:12.694] - eth_getTransactionCount
[2022/08/28 08:30:12.696] - eth_getBalance
[2022/08/28 08:30:12.698] - eth_getTransactionCount
[2022/08/28 08:30:12.699] - eth_getBalance
[2022/08/28 08:30:12.702] - eth_getTransactionCount
[2022/08/28 08:30:12.705] - eth_getBalance
[2022/08/28 08:30:12.707] - eth_getTransactionCount
[2022/08/28 08:30:12.709] - eth_getBalance
[2022/08/28 08:30:12.711] - eth_getTransactionCount
[2022/08/28 08:30:12.714] - eth_getBalance
[2022/08/28 08:30:12.716] - eth_getTransactionCount
[2022/08/28 08:30:12.745] - eth_getBalance
[2022/08/28 08:30:12.748] - eth_getTransactionCount
[2022/08/28 08:30:12.751] - eth_getBalance
[2022/08/28 08:30:12.753] - eth_getTransactionCount
[2022/08/28 08:30:12.755] - eth_getBalance
[2022/08/28 08:30:12.757] - eth_getTransactionCount
[2022/08/28 08:30:12.758] - eth_getBalance
[2022/08/28 08:30:12.760] - eth_getTransactionCount
[2022/08/28 08:30:12.762] - eth_getBalance
[2022/08/28 08:30:12.764] - eth_getTransactionCount
[2022/08/28 08:30:12.766] - eth_getBalance
[2022/08/28 08:30:12.770] - eth_getTransactionCount
[2022/08/28 08:30:12.772] - eth_getBalance
[2022/08/28 08:30:12.773] - eth_getTransactionCount
[2022/08/28 08:30:12.775] - eth_getBalance
[2022/08/28 08:30:12.777] - eth_getTransactionCount
[2022/08/28 08:30:12.779] - eth_getBalance
[2022/08/28 08:30:12.781] - eth_getTransactionCount
[2022/08/28 08:30:12.782] - eth_getBalance
[2022/08/28 08:30:12.784] - eth_getTransactionCount
[2022/08/28 08:30:12.811] - eth_getBalance
[2022/08/28 08:30:12.813] - eth_getTransactionCount
[2022/08/28 08:30:12.814] - eth_getBalance
[2022/08/28 08:30:12.816] - eth_getTransactionCount
[2022/08/28 08:30:12.817] - eth_getBalance
[2022/08/28 08:30:12.818] - eth_getTransactionCount
[2022/08/28 08:30:12.820] - eth_getBalance
[2022/08/28 08:30:12.822] - eth_getTransactionCount
[2022/08/28 08:30:12.823] - eth_getBalance
[2022/08/28 08:30:12.825] - eth_getTransactionCount
[2022/08/28 08:30:12.826] - eth_getBalance
[2022/08/28 08:30:12.828] - eth_getTransactionCount
[2022/08/28 08:30:12.831] - eth_getBalance
[2022/08/28 08:30:12.833] - eth_getTransactionCount
[2022/08/28 08:30:12.834] - eth_getBalance
[2022/08/28 08:30:12.835] - eth_getTransactionCount
[2022/08/28 08:30:12.837] - eth_getBalance
[2022/08/28 08:30:12.839] - eth_getTransactionCount
[2022/08/28 08:32:00.511] - net_version
[2022/08/28 08:32:00.512] - eth_blockNumber
[2022/08/28 08:32:00.538] - eth_getBalance
[2022/08/28 08:32:00.538] - eth_blockNumber
[2022/08/28 08:32:00.564] - eth_getBalance
[2022/08/28 08:32:00.575] - eth_getBalance
[2022/08/28 08:32:00.581] - eth_getBlockByNumber
[2022/08/28 08:32:01.424] - net_version
[2022/08/28 08:32:01.427] - net_version
[2022/08/28 08:32:01.436] - net_version
[2022/08/28 08:32:24.441] - eth_blockNumber
[2022/08/28 08:32:28.175] - eth_getBalance
[2022/08/28 08:32:44.469] - eth_blockNumber
[2022/08/28 08:32:58.402] - eth_unsubscribe
[2022/08/28 08:32:58.403] - eth_unsubscribe
