[2022/08/28 08:33:17.377] - Starting server with initial configuration: {"gasLimit":6721975,"gasPrice":20000000000,"hardfork":"muirGlacier","hostname":"0.0.0.0","port":8545,"network_id":1337,"default_balance_ether":100,"total_accounts":10,"unlocked_accounts":[],"locked":false,"vmErrorsOnRPCResponse":true,"verbose":false,"db_path":"C:\\Users\\user\\AppData\\Roaming\\Ganache\\workspaces\\web3-is-fun\\chaindata","logDirectory":"D:\\Propty\\propty\\contracts\\logs"}
[2022/08/28 08:33:17.458] - eth_subscribe
[2022/08/28 08:33:17.459] - eth_getLogs
[2022/08/28 08:33:17.460] - eth_subscribe
[2022/08/28 08:33:17.472] - eth_subscribe
[2022/08/28 08:33:17.474] - eth_getLogs
[2022/08/28 08:33:17.474] - eth_subscribe
[2022/08/28 08:33:17.547] - eth_blockNumber
[2022/08/28 08:33:17.547] - eth_accounts
[2022/08/28 08:33:17.548] - eth_blockNumber
[2022/08/28 08:33:17.548] - eth_gasPrice
[2022/08/28 08:33:17.549] - eth_accounts
[2022/08/28 08:33:17.550] - eth_getBlockByNumber
[2022/08/28 08:33:17.550] - eth_gasPrice
[2022/08/28 08:33:17.551] - eth_subscribe
[2022/08/28 08:33:17.552] - eth_getBlockByNumber
[2022/08/28 08:33:17.552] - eth_subscribe
[2022/08/28 08:33:17.557] - eth_accounts
[2022/08/28 08:33:17.579] - eth_getBalance
[2022/08/28 08:33:17.580] - eth_getTransactionCount
[2022/08/28 08:33:17.584] - eth_getBalance
[2022/08/28 08:33:17.586] - eth_getTransactionCount
[2022/08/28 08:33:17.589] - eth_getBalance
[2022/08/28 08:33:17.591] - eth_getTransactionCount
[2022/08/28 08:33:17.594] - eth_getBalance
[2022/08/28 08:33:17.595] - eth_getTransactionCount
[2022/08/28 08:33:17.600] - eth_getBalance
[2022/08/28 08:33:17.604] - eth_getTransactionCount
[2022/08/28 08:33:17.607] - eth_getBalance
[2022/08/28 08:33:17.611] - eth_getTransactionCount
[2022/08/28 08:33:17.613] - eth_getBalance
[2022/08/28 08:33:17.617] - eth_getTransactionCount
[2022/08/28 08:33:17.619] - eth_getBalance
[2022/08/28 08:33:17.620] - eth_getTransactionCount
[2022/08/28 08:33:17.623] - eth_getBalance
[2022/08/28 08:33:17.624] - eth_getTransactionCount
[2022/08/28 08:33:17.626] - eth_getBalance
[2022/08/28 08:33:17.627] - eth_getTransactionCount
[2022/08/28 08:33:17.661] - eth_getBalance
[2022/08/28 08:33:17.663] - eth_getTransactionCount
[2022/08/28 08:33:17.665] - eth_getBalance
[2022/08/28 08:33:17.667] - eth_getTransactionCount
[2022/08/28 08:33:17.670] - eth_getBalance
[2022/08/28 08:33:17.672] - eth_getTransactionCount
[2022/08/28 08:33:17.673] - eth_getBalance
[2022/08/28 08:33:17.676] - eth_getTransactionCount
[2022/08/28 08:33:17.678] - eth_getBalance
[2022/08/28 08:33:17.680] - eth_getTransactionCount
[2022/08/28 08:33:17.682] - eth_getBalance
[2022/08/28 08:33:17.684] - eth_getTransactionCount
[2022/08/28 08:33:17.686] - eth_getBalance
[2022/08/28 08:33:17.687] - eth_getTransactionCount
[2022/08/28 08:33:17.689] - eth_getBalance
[2022/08/28 08:33:17.691] - eth_getTransactionCount
[2022/08/28 08:33:17.692] - eth_getBalance
[2022/08/28 08:33:17.695] - eth_getTransactionCount
[2022/08/28 08:33:17.696] - eth_getBalance
[2022/08/28 08:33:17.697] - eth_getTransactionCount
[2022/08/28 08:33:17.699] - eth_getBalance
[2022/08/28 08:33:17.703] - eth_getTransactionCount
[2022/08/28 08:33:17.703] - eth_getBalance
[2022/08/28 08:33:17.706] - eth_getTransactionCount
[2022/08/28 08:33:17.706] - eth_getBalance
[2022/08/28 08:33:17.711] - eth_getTransactionCount
[2022/08/28 08:33:17.712] - eth_getBalance
[2022/08/28 08:33:17.713] - eth_getTransactionCount
[2022/08/28 08:33:17.714] - eth_getBalance
[2022/08/28 08:33:17.716] - eth_getTransactionCount
[2022/08/28 08:33:17.718] - eth_getBalance
[2022/08/28 08:33:17.721] - eth_getTransactionCount
[2022/08/28 08:33:17.723] - eth_getBalance
[2022/08/28 08:33:17.725] - eth_getTransactionCount
[2022/08/28 08:33:17.726] - eth_getBalance
[2022/08/28 08:33:17.728] - eth_getTransactionCount
[2022/08/28 08:33:17.730] - eth_getBalance
[2022/08/28 08:33:17.732] - eth_getTransactionCount
[2022/08/28 08:33:17.734] - eth_getBalance
[2022/08/28 08:33:17.737] - eth_getTransactionCount
[2022/08/28 08:33:17.751] - eth_getTransactionCount
[2022/08/28 08:33:17.753] - eth_getBalance
[2022/08/28 08:33:17.754] - eth_getTransactionCount
[2022/08/28 08:33:17.756] - eth_getBalance
[2022/08/28 08:33:17.757] - eth_getTransactionCount
[2022/08/28 08:33:17.759] - eth_getBalance
[2022/08/28 08:33:17.761] - eth_getTransactionCount
[2022/08/28 08:33:17.762] - eth_getBalance
[2022/08/28 08:33:17.764] - eth_getTransactionCount
[2022/08/28 08:33:17.767] - eth_getBalance
[2022/08/28 08:33:17.767] - eth_getTransactionCount
[2022/08/28 08:33:17.769] - eth_getBalance
[2022/08/28 08:33:17.771] - eth_getTransactionCount
[2022/08/28 08:33:17.776] - eth_getBalance
[2022/08/28 08:33:17.777] - eth_getTransactionCount
[2022/08/28 08:33:17.777] - eth_getBalance
[2022/08/28 08:33:17.779] - eth_getTransactionCount
[2022/08/28 08:33:17.782] - eth_getBalance
[2022/08/28 08:33:17.783] - eth_getTransactionCount
[2022/08/28 08:33:18.174] - eth_blockNumber
[2022/08/28 08:37:33.449] - eth_blockNumber
[2022/08/28 08:37:35.092] - net_version
[2022/08/28 08:37:42.498] - eth_blockNumber
[2022/08/28 08:37:53.780] - eth_blockNumber
[2022/08/28 08:38:02.536] - eth_blockNumber
[2022/08/28 08:38:14.118] - eth_blockNumber
[2022/08/28 08:38:22.572] - eth_blockNumber
[2022/08/28 08:38:27.264] - eth_blockNumber
[2022/08/28 08:38:33.792] - eth_getBalance
[2022/08/28 08:38:34.142] - eth_blockNumber
[2022/08/28 08:38:42.597] - eth_blockNumber
[2022/08/28 08:38:47.299] - eth_blockNumber
[2022/08/28 08:38:54.477] - eth_blockNumber
[2022/08/28 08:38:54.505] - net_version
[2022/08/28 08:39:02.625] - eth_blockNumber
[2022/08/28 08:39:07.313] - eth_blockNumber
[2022/08/28 08:39:14.819] - eth_blockNumber
[2022/08/28 08:39:22.648] - eth_blockNumber
[2022/08/28 08:39:27.335] - eth_blockNumber
[2022/08/28 08:39:35.161] - eth_blockNumber
[2022/08/28 08:39:42.678] - eth_blockNumber
[2022/08/28 08:39:47.354] - eth_blockNumber
[2022/08/28 08:39:55.491] - eth_blockNumber
[2022/08/28 08:40:02.700] - eth_blockNumber
[2022/08/28 08:40:07.381] - eth_blockNumber
[2022/08/28 08:40:15.831] - eth_blockNumber
[2022/08/28 08:40:22.723] - eth_blockNumber
[2022/08/28 08:40:27.409] - eth_blockNumber
[2022/08/28 08:40:36.167] - eth_blockNumber
[2022/08/28 08:43:27.832] - eth_unsubscribe
[2022/08/28 08:43:27.833] - eth_unsubscribe
